Build started 2/3/2014 4:26:33 PM.
     1>Project "C:\Program Files (x86)\National Instruments\LabVIEW 2011\vi.lib\LabVIEW Hacker\Adept\Private\Resources\LVH-Adept Helper\LVH-Adept Helper\LVH-Adept Helper\LVH-Adept Helper.vcxproj" on node 2 (Rebuild target(s)).
     1>ClCompile:
         C:\Program Files (x86)\Microsoft Visual Studio 12.0\VC\bin\CL.exe /c /Zi /nologo /W3 /WX- /O2 /Oi /Oy- /GL /D WIN32 /D NDEBUG /D _WINDOWS /D _USRDLL /D LVHADEPTHELPER_EXPORTS /D _WINDLL /D _UNICODE /D UNICODE /Gm- /EHsc /MD /GS /Gy /fp:precise /Zc:wchar_t /Zc:forScope /Fo"Release\\" /Fd"Release\vc120.pdb" /Gd /TP /analyze- /errorReport:prompt lvhadept.cpp
         lvhadept.cpp
     1>lvhadept.cpp(6): warning C4007: 'DllMain' : must be '__stdcall'
       Link:
         C:\Program Files (x86)\Microsoft Visual Studio 12.0\VC\bin\link.exe /ERRORREPORT:PROMPT /OUT:"C:\Program Files (x86)\National Instruments\LabVIEW 2011\vi.lib\LabVIEW Hacker\Adept\Private\Resources\LVH-Adept Helper\LVH-Adept Helper\Release\LVH-Adept Helper.dll" /INCREMENTAL:NO /NOLOGO kernel32.lib user32.lib gdi32.lib winspool.lib comdlg32.lib advapi32.lib shell32.lib ole32.lib oleaut32.lib uuid.lib odbc32.lib odbccp32.lib /MANIFEST /MANIFESTUAC:"level='asInvoker' uiAccess='false'" /manifest:embed /DEBUG /PDB:"C:\Program Files (x86)\National Instruments\LabVIEW 2011\vi.lib\LabVIEW Hacker\Adept\Private\Resources\LVH-Adept Helper\LVH-Adept Helper\Release\LVH-Adept Helper.pdb" /SUBSYSTEM:WINDOWS /OPT:REF /OPT:ICF /LTCG /TLBID:1 /DYNAMICBASE /NXCOMPAT /IMPLIB:"C:\Program Files (x86)\National Instruments\LabVIEW 2011\vi.lib\LabVIEW Hacker\Adept\Private\Resources\LVH-Adept Helper\LVH-Adept Helper\Release\LVH-Adept Helper.lib" /MACHINE:X86 /SAFESEH /DLL Release\lvhadept.obj
         lib\dabs.lib
         lib\daci.lib
         lib\daio.lib
         lib\demc.lib
         lib\depp.lib
         lib\dgio.lib
         lib\djtg.lib
         lib\dmgr.lib
         lib\dmgt.lib
         lib\dpcomm.lib
         lib\dpcutil.lib
         lib\dpio.lib
         lib\dspi.lib
         lib\dstm.lib
         lib\dtwi.lib
            Creating library C:\Program Files (x86)\National Instruments\LabVIEW 2011\vi.lib\LabVIEW Hacker\Adept\Private\Resources\LVH-Adept Helper\LVH-Adept Helper\Release\LVH-Adept Helper.lib and object C:\Program Files (x86)\National Instruments\LabVIEW 2011\vi.lib\LabVIEW Hacker\Adept\Private\Resources\LVH-Adept Helper\LVH-Adept Helper\Release\LVH-Adept Helper.exp
         Generating code
         Finished generating code
         LVH-Adept Helper.vcxproj -> C:\Program Files (x86)\National Instruments\LabVIEW 2011\vi.lib\LabVIEW Hacker\Adept\Private\Resources\LVH-Adept Helper\LVH-Adept Helper\Release\LVH-Adept Helper.dll
     1>Done Building Project "C:\Program Files (x86)\National Instruments\LabVIEW 2011\vi.lib\LabVIEW Hacker\Adept\Private\Resources\LVH-Adept Helper\LVH-Adept Helper\LVH-Adept Helper\LVH-Adept Helper.vcxproj" (Rebuild target(s)).

Build succeeded.

Time Elapsed 00:00:00.50
